<?xml version="1.0" encoding="UTF-8"?>
<!-- Generated by org.testng.reporters.JUnitReportReporter -->
<testsuite skipped="0" hostname="User" name="API.API_Test" tests="3" failures="0" timestamp="23 Oct 2018 05:19:52 GMT" time="6.714" errors="0">
  <testcase name="subBreeds" time="0.474" classname="API.API_Test"/>
  <testcase name="allBreeds" time="5.539" classname="API.API_Test"/>
  <testcase name="randomImageLink" time="0.701" classname="API.API_Test"/>
</testsuite> <!-- API.API_Test -->
